<?xml version="1.0" encoding="UTF-8"?>
<!-- Generated by org.testng.reporters.JUnitReportReporter -->
<testsuite skipped="0" hostname="Khosuzs-MBP.lan" name="com.JDBC.ConnectionMySQL" tests="4" failures="0" timestamp="2021-01-31T17:49:18 EST" time="0.718" errors="0">
  <testcase name="customers_Table" time="0.571" classname="com.JDBC.ConnectionMySQL"/>
  <system-out/>
  <testcase name="order_Items_Table" time="0.050" classname="com.JDBC.ConnectionMySQL"/>
  <system-out/>
  <testcase name="products_Table" time="0.055" classname="com.JDBC.ConnectionMySQL"/>
  <system-out/>
  <testcase name="shipper_Table" time="0.042" classname="com.JDBC.ConnectionMySQL"/>
  <system-out/>
</testsuite> <!-- com.JDBC.ConnectionMySQL -->
